student@systems-vm:~/Documents/ardch2-lcd-toy-vic12141983/arch1-lcd-toy-vic12141983/h> make load
make: *** No rule to make target 'load'.  Stop.
student@systems-vm:~/Documents/ardch2-lcd-toy-vic12141983/arch1-lcd-toy-vic12141983/h> cd..
student@systems-vm:~/Documents/ardch2-lcd-toy-vic12141983/arch1-lcd-toy-vic12141983> make
make: *** No targets specified and no makefile found.  Stop.
student@systems-vm:~/Documents/ardch2-lcd-toy-vic12141983/arch1-lcd-toy-vic12141983> cd..
student@systems-vm:~/Documents/ardch2-lcd-toy-vic12141983> make
(cd timerLib; make install)
make[1]: Entering directory '/home/student/Documents/ardch2-lcd-toy-vic12141983/timerLib'
msp430-elf-gcc -mmcu=msp430g2553 -Os   -c -o clocksTimer.o clocksTimer.c
msp430-elf-as   -o sr.o sr.s
msp430-elf-ar crs libTimer.a clocksTimer.o sr.o
mkdir -p ../h ../lib
mv libTimer.a ../lib
cp *.h ../h
make[1]: Leaving directory '/home/student/Documents/ardch2-lcd-toy-vic12141983/timerLib'
(cd lcdLib; make install)
make[1]: Entering directory '/home/student/Documents/ardch2-lcd-toy-vic12141983/lcdLib'
Makefile:34: warning: overriding recipe for target 'load'
Makefile:31: warning: ignoring old recipe for target 'load'
msp430-elf-gcc -mmcu=msp430g2553 -Os -I../h    -c -o font-11x16.o font-11x16.c
msp430-elf-gcc -mmcu=msp430g2553 -Os -I../h    -c -o font-5x7.o font-5x7.c
msp430-elf-gcc -mmcu=msp430g2553 -Os -I../h    -c -o font-8x12.o font-8x12.c
msp430-elf-gcc -mmcu=msp430g2553 -Os -I../h    -c -o lcdutils.o lcdutils.c
msp430-elf-gcc -mmcu=msp430g2553 -Os -I../h    -c -o lcddraw.o lcddraw.c
msp430-elf-ar crs libLcd.a font-11x16.o font-5x7.o font-8x12.o lcdutils.o lcddraw.o
mkdir -p ../h ../lib
mv libLcd.a ../lib
cp *.h ../h
make[1]: Leaving directory '/home/student/Documents/ardch2-lcd-toy-vic12141983/lcdLib'
(cd shapeLib; make install)
make[1]: Entering directory '/home/student/Documents/ardch2-lcd-toy-vic12141983/shapeLib'
msp430-elf-gcc -mmcu=msp430g2553 -Os -I../h    -c -o shape.o shape.c
msp430-elf-gcc -mmcu=msp430g2553 -Os -I../h    -c -o region.o region.c
msp430-elf-gcc -mmcu=msp430g2553 -Os -I../h    -c -o rect.o rect.c
msp430-elf-gcc -mmcu=msp430g2553 -Os -I../h    -c -o vec2.o vec2.c
msp430-elf-gcc -mmcu=msp430g2553 -Os -I../h    -c -o layer.o layer.c
msp430-elf-gcc -mmcu=msp430g2553 -Os -I../h    -c -o rarrow.o rarrow.c
msp430-elf-ar crs libShape.a shape.o region.o rect.o vec2.o layer.o rarrow.o
mkdir -p ../h ../lib
mv libShape.a ../lib
cp *.h ../h
make[1]: Leaving directory '/home/student/Documents/ardch2-lcd-toy-vic12141983/shapeLib'
(cd circleLib; make install)
make[1]: Entering directory '/home/student/Documents/ardch2-lcd-toy-vic12141983/circleLib'
msp430-elf-gcc -mmcu=msp430g2553 -Os -I../h   -c -o abCircle.o abCircle.c
cc -o makeCircles makeCircles.c
rm -rf circles; mkdir circles
./makeCircles
cat _abCircle.h abCircle_decls.h > abCircle.h
(cd circles; msp430-elf-gcc -I.. -I../../h -mmcu=msp430g2553 -Os -c *.c)
msp430-elf-ar crs libCircle.a circles/*.o abCircle.o
mkdir -p ../h ../lib
cp libCircle.a ../lib
cp abCircle.h chordVec.h ../h
make[1]: Leaving directory '/home/student/Documents/ardch2-lcd-toy-vic12141983/circleLib'
(cd p2swLib; make install)
make[1]: Entering directory '/home/student/Documents/ardch2-lcd-toy-vic12141983/p2swLib'
msp430-elf-gcc -mmcu=msp430g2553 -Os -I../h    -c -o p2switches.o p2switches.c
msp430-elf-ar crs libp2sw.a p2switches.o
mkdir -p ../h ../lib
mv libp2sw.a ../lib
cp *.h ../h
make[1]: Leaving directory '/home/student/Documents/ardch2-lcd-toy-vic12141983/p2swLib'
(cd p2sw-demo; make)
make[1]: Entering directory '/home/student/Documents/ardch2-lcd-toy-vic12141983/p2sw-demo'
msp430-elf-gcc -mmcu=msp430g2553 -Os -I../h   -c -o p2sw-demo.o p2sw-demo.c
msp430-elf-gcc -mmcu=msp430g2553 -Os -I../h -L../lib -L/opt/ti/msp430_gcc/include/  -o p2sw-demo.elf p2sw-demo.o -lLcd -lp2sw -lTimer
make[1]: Leaving directory '/home/student/Documents/ardch2-lcd-toy-vic12141983/p2sw-demo'
(cd shape-motion-demo; make)
make[1]: Entering directory '/home/student/Documents/ardch2-lcd-toy-vic12141983/shape-motion-demo'
msp430-elf-gcc -mmcu=msp430g2553 -Os -I../h   -c -o shapemotion.o shapemotion.c
msp430-elf-gcc -mmcu=msp430g2553 -c   -o wdt_handler.o wdt_handler.s
msp430-elf-gcc -mmcu=msp430g2553 -Os -I../h -L../lib -L/opt/ti/msp430_gcc/include/  -o shapemotion.elf shapemotion.o wdt_handler.o -lTimer -lLcd -lShape -lCircle -lp2sw
make[1]: Leaving directory '/home/student/Documents/ardch2-lcd-toy-vic12141983/shape-motion-demo'
student@systems-vm:~/Documents/ardch2-lcd-toy-vic12141983> ls
arch1-lcd-toy-vic12141983  h       lib        p2swLib    shape-motion-demo
circleLib                  Lab3    Makefile   README.md  timerLib
Doxyfile                   lcdLib  p2sw-demo  shapeLib   wakedemo
student@systems-vm:~/Documents/ardch2-lcd-toy-vic12141983> cd Lab3
student@systems-vm:~/Documents/ardch2-lcd-toy-vic12141983/Lab3> ls
circleLib  h  lcdLib  lib  timerLib  wakedemo
student@systems-vm:~/Documents/ardch2-lcd-toy-vic12141983/Lab3> cd wakedemo
student@systems-vm:~/Documents/ardch2-lcd-toy-vic12141983/Lab3/wakedemo> ls
Makefile  radius  shell  wake.c  wdt_handler.s
student@systems-vm:~/Documents/ardch2-lcd-toy-vic12141983/Lab3/wakedemo> make load
msp430-elf-gcc -mmcu=msp430g2553 -Os -I../h   -c -o wake.o wake.c
msp430-elf-gcc -mmcu=msp430g2553 -c   -o wdt_handler.o wdt_handler.s
make: *** No rule to make target 'lcddraw.c', needed by 'lcddraw.o'.  Stop.
student@systems-vm:~/Documents/ardch2-lcd-toy-vic12141983/Lab3/wakedemo> cd..
student@systems-vm:~/Documents/ardch2-lcd-toy-vic12141983/Lab3> cd..
student@systems-vm:~/Documents/ardch2-lcd-toy-vic12141983> ls
arch1-lcd-toy-vic12141983  h       lib        p2swLib    shape-motion-demo
circleLib                  Lab3    Makefile   README.md  timerLib
Doxyfile                   lcdLib  p2sw-demo  shapeLib   wakedemo
student@systems-vm:~/Documents/ardch2-lcd-toy-vic12141983> ls
arch1-lcd-toy-vic12141983  h       lib        p2swLib    shape-motion-demo
circleLib                  Lab3    Makefile   README.md  timerLib
Doxyfile                   lcdLib  p2sw-demo  shapeLib   wakedemo
student@systems-vm:~/Documents/ardch2-lcd-toy-vic12141983> cd
student@systems-vm:~> ls
ardch2-lcd-toy-vic12141983  Desktop    Downloads  Pictures  Templates  ti
bin                         Documents  Music      Public    testCode   Videos
student@systems-vm:~> cd Documents/
student@systems-vm:~/Documents> ls
arch1-blink-buzz-vic12141983  arch1-tokenizer-vic12141983
arch1-lcd-toy-vic12141983     ardch2-lcd-toy-vic12141983
student@systems-vm:~/Documents> arch1-lcd-toy-vic12141983
If 'arch1-lcd-toy-vic12141983' is not a typo you can use command-not-found to lookup the package that contains it, like this:
    cnf arch1-lcd-toy-vic12141983
student@systems-vm:~/Documents>cd arch1-lcd-toy-vic12141983/
student@systems-vm:~/Documents/arch1-lcd-toy-vic12141983> ls
circleLib  h       lib       p2sw-demo  Project    shapeLib           timerLib
Doxyfile   lcdLib  Makefile  p2swLib    README.md  shape-motion-demo  wakedemo
student@systems-vm:~/Documents/arch1-lcd-toy-vic12141983> cd wakedemo
student@systems-vm:~/Documents/arch1-lcd-toy-vic12141983/wakedemo> ls
Makefile  wakedemo.c  wdt_handler.s
student@systems-vm:~/Documents/arch1-lcd-toy-vic12141983/wakedemo> make load
msp430-elf-gcc -mmcu=msp430g2553 -Os -I../h   -c -o wakedemo.o wakedemo.c
msp430-elf-gcc -mmcu=msp430g2553 -c   -o wdt_handler.o wdt_handler.s
msp430-elf-gcc -mmcu=msp430g2553 -Os -I../h -L../lib -L/opt/ti/msp430_gcc/include/../libTimer.h  -o wakedemo.elf wakedemo.o wdt_handler.o -lTimer -lLcd 
/opt/ti/msp430_gcc/bin/../lib/gcc/msp430-elf/8.2.0/../../../../msp430-elf/bin/ld: cannot open linker script file msp430g2553.ld: No such file or directory
collect2: error: ld returned 1 exit status
make: *** [Makefile:14: wakedemo.elf] Error 1
student@systems-vm:~/Documents/arch1-lcd-toy-vic12141983/wakedemo> make load
msp430-elf-gcc -mmcu=msp430g2553 -Os -I../h -L../lib -L/opt/ti/msp430_gcc/include/../libTimer.h  -o wakedemo.elf wakedemo.o wdt_handler.o -lTimer -lLcd 
/opt/ti/msp430_gcc/bin/../lib/gcc/msp430-elf/8.2.0/../../../../msp430-elf/bin/ld: cannot open linker script file msp430g2553.ld: No such file or directory
collect2: error: ld returned 1 exit status
make: *** [Makefile:14: wakedemo.elf] Error 1
student@systems-vm:~/Documents/arch1-lcd-toy-vic12141983/wakedemo> make load
msp430-elf-gcc -mmcu=msp430g2553 -Os -I../h   -c -o wakedemo.o wakedemo.c
wakedemo.c:60:7: error: redefinition of 'redrawScreen'
 short redrawScreen = 1;
       ^~~~~~~~~~~~
wakedemo.c:9:7: note: previous definition of 'redrawScreen' was here
 short redrawScreen = 1;
       ^~~~~~~~~~~~
wakedemo.c:61:7: error: redefinition of 'fontFgColor'
 u_int fontFgColor = COLOR_GREEN;
       ^~~~~~~~~~~
wakedemo.c:10:7: note: previous definition of 'fontFgColor' was here
 u_int fontFgColor = COLOR_GREEN;
       ^~~~~~~~~~~
wakedemo.c:66:6: error: redefinition of 'wdt_c_handler'
 void wdt_c_handler()
      ^~~~~~~~~~~~~
wakedemo.c:12:6: note: previous definition of 'wdt_c_handler' was here
 void wdt_c_handler()
      ^~~~~~~~~~~~~
wakedemo.c:89:6: error: redefinition of 'main'
 void main()
      ^~~~
wakedemo.c:25:6: note: previous definition of 'main' was here
 void main()
      ^~~~
make: *** [<builtin>: wakedemo.o] Error 1
student@systems-vm:~/Documents/arch1-lcd-toy-vic12141983/wakedemo> mv wakedemo wake.c
mv: cannot stat 'wakedemo': No such file or directory
student@systems-vm:~/Documents/arch1-lcd-toy-vic12141983/wakedemo> ls
Makefile  wakedemo.c  wakedemo.o  wdt_handler.o  wdt_handler.s
student@systems-vm:~/Documents/arch1-lcd-toy-vic12141983/wakedemo> mv wakedemo.c wake.c
student@systems-vm:~/Documents/arch1-lcd-toy-vic12141983/wakedemo> ls
Makefile  wake.c  wakedemo.o  wdt_handler.o  wdt_handler.s
student@systems-vm:~/Documents/arch1-lcd-toy-vic12141983/wakedemo> make load
msp430-elf-gcc -mmcu=msp430g2553 -Os -I../h -L../lib -L/opt/ti/msp430_gcc/include/../libTimer.h  -o wakedemo.elf wakedemo.o wdt_handler.o -lTimer -lLcd 
/opt/ti/msp430_gcc/bin/../lib/gcc/msp430-elf/8.2.0/../../../../msp430-elf/bin/ld: cannot open linker script file msp430g2553.ld: No such file or directory
collect2: error: ld returned 1 exit status
make: *** [Makefile:14: wakedemo.elf] Error 1
student@systems-vm:~/Documents/arch1-lcd-toy-vic12141983/wakedemo> make load
make: *** No rule to make target 'wake.elf', needed by 'load'.  Stop.
student@systems-vm:~/Documents/arch1-lcd-toy-vic12141983/wakedemo> make load
msp430-elf-gcc -mmcu=msp430g2553 -Os -I../h   -c -o wake.o wake.c
wake.c:60:7: error: redefinition of 'redrawScreen'make c
 short redrawScreen = 1;
       ^~~~~~~~~~~~
wake.c:9:7: note: previous definition of 'redrawScreen' was here
 short redrawScreen = 1;
       ^~~~~~~~~~~~
wake.c:61:7: error: redefinition of 'fontFgColor'
 u_int fontFgColor = COLOR_GREEN;
       ^~~~~~~~~~~
wake.c:10:7: note: previous definition of 'fontFgColor' was here
 u_int fontFgColor = COLOR_GREEN;
       ^~~~~~~~~~~
wake.c:66:6: error: redefinition of 'wdt_c_handler'
 void wdt_c_handler()
      ^~~~~~~~~~~~~
wake.c:12:6: note: previous definition of 'wdt_c_handler' was here
 void wdt_c_handler()
      ^~~~~~~~~~~~~
wake.c:89:6: error: redefinition of 'main'
 void main()
      ^~~~
wake.c:25:6: note: previous definition of 'main' was here
 void main()
      ^~~~
make: *** [<builtin>: wake.o] Error 1
student@systems-vm:~/Documents/arch1-lcd-toy-vic12141983/wakedemo> wake.c:60:7: error: redefinition of 'redrawScreen'make c
 short redrawScreen = 1;
       ^~~~~~~~~~~~
wake.c:9:7: note: previous definition of 'redrawScreen' was here
 short redrawScreen = 1;
       ^~~~~~~~~~~~
wake.c:61:7: error: redefinition of 'fontFgColor'
 u_int fontFgColor = COLOR_GREEN;
       ^~~~~~~~~~~
wake.c:10:7: note: previous definition of 'fontFgColor' was here
 u_int fontFgColor = COLOR_GREEN;
       ^~~~~~~~~~~
wake.c:66:6: error: redefinition of 'wdt_c_handler'
 void wdt_c_handler()
      ^~~~~~~~~~~~~
wake.c:12:6: note: previous definition of 'wdt_c_handler' was here
 void wdt_c_handler()
      ^~~~~~~~~~~~~
wake.c:89:6: error: redefinition of 'main'
 void main()
      ^~~~
wake.c:25:6: note: previous definition of 'main' was here
 void main()
      ^~~~
make: *** [<builtin>: wake.o] Error 1
student@systems-vm:~/Documents/arch1-lcd-toy-vic12141983/wakedemo> 
If 'wake.c:60:7:' is not a typo you can use command-not-found to lookup the package that contains it, like this:
    cnf wake.c:60:7:
student@systems-vm:~/Documents/arch1-lcd-toy-vic12141983/wakedemo> If 'short' is not a typo you can use command-not-found to lookup the package that contains it, like this:
    cnf short
student@systems-vm:~/Documents/arch1-lcd-toy-vic12141983/wakedemo> If '^~~~~~~~~~~~' is not a typo you can use command-not-found to lookup the package that contains it, like this:
    cnf ^~~~~~~~~~~~
student@systems-vm:~/Documents/arch1-lcd-toy-vic12141983/wakedemo> If 'wake.c:9:7:' is not a typo you can use command-not-found to lookup the package that contains it, like this:
    cnf wake.c:9:7:
student@systems-vm:~/Documents/arch1-lcd-toy-vic12141983/wakedemo> If 'short' is not a typo you can use command-not-found to lookup the package that contains it, like this:
    cnf short
student@systems-vm:~/Documents/arch1-lcd-toy-vic12141983/wakedemo> If '^~~~~~~~~~~~' is not a typo you can use command-not-found to lookup the package that contains it, like this:
    cnf ^~~~~~~~~~~~
student@systems-vm:~/Documents/arch1-lcd-toy-vic12141983/wakedemo> If 'wake.c:61:7:' is not a typo you can use command-not-found to lookup the package that contains it, like this:
    cnf wake.c:61:7:
student@systems-vm:~/Documents/arch1-lcd-toy-vic12141983/wakedemo> If 'u_int' is not a typo you can use command-not-found to lookup the package that contains it, like this:
    cnf u_int
student@systems-vm:~/Documents/arch1-lcd-toy-vic12141983/wakedemo> If '^~~~~~~~~~~' is not a typo you can use command-not-found to lookup the package that contains it, like this:
    cnf ^~~~~~~~~~~
student@systems-vm:~/Documents/arch1-lcd-toy-vic12141983/wakedemo> If 'wake.c:10:7:' is not a typo you can use command-not-found to lookup the package that contains it, like this:
    cnf wake.c:10:7:
student@systems-vm:~/Documents/arch1-lcd-toy-vic12141983/wakedemo> If 'u_int' is not a typo you can use command-not-found to lookup the package that contains it, like this:
    cnf u_int
student@systems-vm:~/Documents/arch1-lcd-toy-vic12141983/wakedemo> If '^~~~~~~~~~~' is not a typo you can use command-not-found to lookup the package that contains it, like this:
    cnf ^~~~~~~~~~~
student@systems-vm:~/Documents/arch1-lcd-toy-vic12141983/wakedemo> If 'wake.c:66:6:' is not a typo you can use command-not-found to lookup the package that contains it, like this:
    cnf wake.c:66:6:
student@systems-vm:~/Documents/arch1-lcd-toy-vic12141983/wakedemo> bash: syntax error near unexpected token `('
student@systems-vm:~/Documents/arch1-lcd-toy-vic12141983/wakedemo> If '^~~~~~~~~~~~~' is not a typo you can use command-not-found to lookup the package that contains it, like this:
    cnf ^~~~~~~~~~~~~
student@systems-vm:~/Documents/arch1-lcd-toy-vic12141983/wakedemo> If 'wake.c:12:6:' is not a typo you can use command-not-found to lookup the package that contains it, like this:
    cnf wake.c:12:6:
student@systems-vm:~/Documents/arch1-lcd-toy-vic12141983/wakedemo> bash: syntax error near unexpected token `('
student@systems-vm:~/Documents/arch1-lcd-toy-vic12141983/wakedemo> If '^~~~~~~~~~~~~' is not a typo you can use command-not-found to lookup the package that contains it, like this:
    cnf ^~~~~~~~~~~~~
student@systems-vm:~/Documents/arch1-lcd-toy-vic12141983/wakedemo> If 'wake.c:89:6:' is not a typo you can use command-not-found to lookup the package that contains it, like this:
    cnf wake.c:89:6:
student@systems-vm:~/Documents/arch1-lcd-toy-vic12141983/wakedemo> bash: syntax error near unexpected token `('
student@systems-vm:~/Documents/arch1-lcd-toy-vic12141983/wakedemo> If '^~~~' is not a typo you can use command-not-found to lookup the package that contains it, like this:
    cnf ^~~~
student@systems-vm:~/Documents/arch1-lcd-toy-vic12141983/wakedemo> If 'wake.c:25:6:' is not a typo you can use command-not-found to lookup the package that contains it, like this:
    cnf wake.c:25:6:
student@systems-vm:~/Documents/arch1-lcd-toy-vic12141983/wakedemo> bash: syntax error near unexpected token `('
student@systems-vm:~/Documents/arch1-lcd-toy-vic12141983/wakedemo> If '^~~~' is not a typo you can use command-not-found to lookup the package that contains it, like this:
    cnf ^~~~
student@systems-vm:~/Documents/arch1-lcd-toy-vic12141983/wakedemo> bash: builtin: No such file or directory
student@systems-vm:~/Documents/arch1-lcd-toy-vic12141983/wakedemo> bash: syntax error near unexpected token `newline'
student@systems-vm:~/Documents/arch1-lcd-toy-vic12141983/wakedemo> make clean
rm -f *.o *.elf *~ *#
student@systems-vm:~/Documents/arch1-lcd-toy-vic12141983/wakedemo> ls
Makefile  wake.c  wdt_handler.s
student@systems-vm:~/Documents/arch1-lcd-toy-vic12141983/wakedemo> make load
msp430-elf-gcc -mmcu=msp430g2553 -Os -I../h   -c -o wake.o wake.c
wake.c:60:7: error: redefinition of 'redrawScreen'
 short redrawScreen = 1;
       ^~~~~~~~~~~~
wake.c:9:7: note: previous definition of 'redrawScreen' was here
 short redrawScreen = 1;
       ^~~~~~~~~~~~
wake.c:61:7: error: redefinition of 'fontFgColor'
 u_int fontFgColor = COLOR_GREEN;
       ^~~~~~~~~~~
wake.c:10:7: note: previous definition of 'fontFgColor' was here
 u_int fontFgColor = COLOR_GREEN;
       ^~~~~~~~~~~
wake.c:66:6: error: redefinition of 'wdt_c_handler'
 void wdt_c_handler()
      ^~~~~~~~~~~~~
wake.c:12:6: note: previous definition of 'wdt_c_handler' was here
 void wdt_c_handler()
      ^~~~~~~~~~~~~
wake.c:89:6: error: redefinition of 'main'
 void main()
      ^~~~
wake.c:25:6: note: previous definition of 'main' was here
 void main()
      ^~~~
make: *** [<builtin>: wake.o] Error 1
student@systems-vm:~/Documents/arch1-lcd-toy-vic12141983/wakedemo> msp430-elf-gcc -mmcu=msp430g2553 -Os -I../h   -c -o wake.o wake.c
wake.c:60:7: error: redefinition of 'redrawScreen'
 short redrawScreen = 1;
       ^~~~~~~~~~~~
wake.c:9:7: note: previous definition of 'redrawScreen' was here
 short redrawScreen = 1;
       ^~~~~~~~~~~~
wake.c:61:7: error: redefinition of 'fontFgColor'
 u_int fontFgColor = COLOR_GREEN;
       ^~~~~~~~~~~
wake.c:10:7: note: previous definition of 'fontFgColor' was here
 u_int fontFgColor = COLOR_GREEN;
       ^~~~~~~~~~~
wake.c:66:6: error: redefinition of 'wdt_c_handler'
 void wdt_c_handler()
      ^~~~~~~~~~~~~
wake.c:12:6: note: previous definition of 'wdt_c_handler' was here
 void wdt_c_handler()
      ^~~~~~~~~~~~~
wake.c:89:6: error: redefinition of 'main'
 void main()
      ^~~~
wake.c:25:6: note: previous definition of 'main' was here
 void main()
      ^~~~
make: *** [<builtin>: wake.o] Error 1
student@systems-vm:~/Documents/arch1-lcd-toy-vic12141983/wakedemo> 
wake.c:60:7: error: redefinition of 'redrawScreen'
 short redrawScreen = 1;
       ^~~~~~~~~~~~
wake.c:9:7: note: previous definition of 'redrawScreen' was here
 short redrawScreen = 1;
       ^~~~~~~~~~~~
wake.c:61:7: error: redefinition of 'fontFgColor'
 u_int fontFgColor = COLOR_GREEN;
       ^~~~~~~~~~~
wake.c:10:7: note: previous definition of 'fontFgColor' was here
 u_int fontFgColor = COLOR_GREEN;
       ^~~~~~~~~~~
wake.c:66:6: error: redefinition of 'wdt_c_handler'
 void wdt_c_handler()
      ^~~~~~~~~~~~~
wake.c:12:6: note: previous definition of 'wdt_c_handler' was here
 void wdt_c_handler()
      ^~~~~~~~~~~~~
wake.c:89:6: error: redefinition of 'main'
 void main()
      ^~~~
wake.c:25:6: note: previous definition of 'main' was here
 void main()
      ^~~~
student@systems-vm:~/Documents/arch1-lcd-toy-vic12141983/wakedemo> If 'wake.c:60:7:' is not a typo you can use command-not-found to lookup the package that contains it, like this:
    cnf wake.c:60:7:
student@systems-vm:~/Documents/arch1-lcd-toy-vic12141983/wakedemo> If 'short' is not a typo you can use command-not-found to lookup the package that contains it, like this:
    cnf short
student@systems-vm:~/Documents/arch1-lcd-toy-vic12141983/wakedemo> If '^~~~~~~~~~~~' is not a typo you can use command-not-found to lookup the package that contains it, like this:
    cnf ^~~~~~~~~~~~
student@systems-vm:~/Documents/arch1-lcd-toy-vic12141983/wakedemo> If 'wake.c:9:7:' is not a typo you can use command-not-found to lookup the package that contains it, like this:
    cnf wake.c:9:7:
student@systems-vm:~/Documents/arch1-lcd-toy-vic12141983/wakedemo> If 'short' is not a typo you can use command-not-found to lookup the package that contains it, like this:
    cnf short
student@systems-vm:~/Documents/arch1-lcd-toy-vic12141983/wakedemo> If '^~~~~~~~~~~~' is not a typo you can use command-not-found to lookup the package that contains it, like this:
    cnf ^~~~~~~~~~~~
student@systems-vm:~/Documents/arch1-lcd-toy-vic12141983/wakedemo> If 'wake.c:61:7:' is not a typo you can use command-not-found to lookup the package that contains it, like this:
    cnf wake.c:61:7:
student@systems-vm:~/Documents/arch1-lcd-toy-vic12141983/wakedemo> If 'u_int' is not a typo you can use command-not-found to lookup the package that contains it, like this:
    cnf u_int
student@systems-vm:~/Documents/arch1-lcd-toy-vic12141983/wakedemo> If '^~~~~~~~~~~' is not a typo you can use command-not-found to lookup the package that contains it, like this:
    cnf ^~~~~~~~~~~
student@systems-vm:~/Documents/arch1-lcd-toy-vic12141983/wakedemo> If 'wake.c:10:7:' is not a typo you can use command-not-found to lookup the package that contains it, like this:
    cnf wake.c:10:7:
student@systems-vm:~/Documents/arch1-lcd-toy-vic12141983/wakedemo> If 'u_int' is not a typo you can use command-not-found to lookup the package that contains it, like this:
    cnf u_int
student@systems-vm:~/Documents/arch1-lcd-toy-vic12141983/wakedemo> If '^~~~~~~~~~~' is not a typo you can use command-not-found to lookup the package that contains it, like this:
    cnf ^~~~~~~~~~~
student@systems-vm:~/Documents/arch1-lcd-toy-vic12141983/wakedemo> If 'wake.c:66:6:' is not a typo you can use command-not-found to lookup the package that contains it, like this:
    cnf wake.c:66:6:
student@systems-vm:~/Documents/arch1-lcd-toy-vic12141983/wakedemo> bash: syntax error near unexpected token `('
student@systems-vm:~/Documents/arch1-lcd-toy-vic12141983/wakedemo> If '^~~~~~~~~~~~~' is not a typo you can use command-not-found to lookup the package that contains it, like this:
    cnf ^~~~~~~~~~~~~
student@systems-vm:~/Documents/arch1-lcd-toy-vic12141983/wakedemo> If 'wake.c:12:6:' is not a typo you can use command-not-found to lookup the package that contains it, like this:
    cnf wake.c:12:6:
student@systems-vm:~/Documents/arch1-lcd-toy-vic12141983/wakedemo> bash: syntax error near unexpected token `('
student@systems-vm:~/Documents/arch1-lcd-toy-vic12141983/wakedemo> If '^~~~~~~~~~~~~' is not a typo you can use command-not-found to lookup the package that contains it, like this:
    cnf ^~~~~~~~~~~~~
student@systems-vm:~/Documents/arch1-lcd-toy-vic12141983/wakedemo> If 'wake.c:89:6:' is not a typo you can use command-not-found to lookup the package that contains it, like this:
    cnf wake.c:89:6:
student@systems-vm:~/Documents/arch1-lcd-toy-vic12141983/wakedemo> bash: syntax error near unexpected token `('
student@systems-vm:~/Documents/arch1-lcd-toy-vic12141983/wakedemo> If '^~~~' is not a typo you can use command-not-found to lookup the package that contains it, like this:
    cnf ^~~~
student@systems-vm:~/Documents/arch1-lcd-toy-vic12141983/wakedemo> If 'wake.c:25:6:' is not a typo you can use command-not-found to lookup the package that contains it, like this:
    cnf wake.c:25:6:
student@systems-vm:~/Documents/arch1-lcd-toy-vic12141983/wakedemo> bash: syntax error near unexpected token `('
student@systems-vm:~/Documents/arch1-lcd-toy-vic12141983/wakedemo> If '^~~~' is not a typo you can use command-not-found to lookup the package that contains it, like this:
    cnf ^~~~
student@systems-vm:~/Documents/arch1-lcd-toy-vic12141983/wakedemo> bash: builtin: No such file or directory
student@systems-vm:~/Documents/arch1-lcd-toy-vic12141983/wakedemo> bash: syntax error near unexpected token `newline'
student@systems-vm:~/Documents/arch1-lcd-toy-vic12141983/wakedemo> ls
Makefile  wake.c  wdt_handler.s
student@systems-vm:~/Documents/arch1-lcd-toy-vic12141983/wakedemo> cd..
student@systems-vm:~/Documents/arch1-lcd-toy-vic12141983> ls
circleLib  h       lib       p2sw-demo  Project    shapeLib           timerLib
Doxyfile   lcdLib  Makefile  p2swLib    README.md  shape-motion-demo  wakedemo
student@systems-vm:~/Documents/arch1-lcd-toy-vic12141983> cp -r wake.elf 
cp: missing destination file operand after 'wake.elf'
Try 'cp --help' for more information.
student@systems-vm:~/Documents/arch1-lcd-toy-vic12141983> make
(cd timerLib; make install)
make[1]: Entering directory '/home/student/Documents/arch1-lcd-toy-vic12141983/timerLib'
msp430-elf-ar crs libTimer.a clocksTimer.o sr.o
mkdir -p ../h ../lib
mv libTimer.a ../lib
cp *.h ../h
make[1]: Leaving directory '/home/student/Documents/arch1-lcd-toy-vic12141983/timerLib'
(cd lcdLib; make install)
make[1]: Entering directory '/home/student/Documents/arch1-lcd-toy-vic12141983/lcdLib'
Makefile:34: warning: overriding recipe for target 'load'
Makefile:31: warning: ignoring old recipe for target 'load'
msp430-elf-ar crs libLcd.a font-11x16.o font-5x7.o font-8x12.o lcdutils.o lcddraw.o
mkdir -p ../h ../lib
mv libLcd.a ../lib
cp *.h ../h
make[1]: Leaving directory '/home/student/Documents/arch1-lcd-toy-vic12141983/lcdLib'
(cd shapeLib; make install)
make[1]: Entering directory '/home/student/Documents/arch1-lcd-toy-vic12141983/shapeLib'
msp430-elf-ar crs libShape.a shape.o region.o rect.o vec2.o layer.o rarrow.o
mkdir -p ../h ../lib
mv libShape.a ../lib
cp *.h ../h
make[1]: Leaving directory '/home/student/Documents/arch1-lcd-toy-vic12141983/shapeLib'
(cd circleLib; make install)
make[1]: Entering directory '/home/student/Documents/arch1-lcd-toy-vic12141983/circleLib'
mkdir -p ../h ../lib
cp libCircle.a ../lib
cp abCircle.h chordVec.h ../h
make[1]: Leaving directory '/home/student/Documents/arch1-lcd-toy-vic12141983/circleLib'
(cd p2swLib; make install)
make[1]: Entering directory '/home/student/Documents/arch1-lcd-toy-vic12141983/p2swLib'
msp430-elf-ar crs libp2sw.a p2switches.o
mkdir -p ../h ../lib
mv libp2sw.a ../lib
cp *.h ../h
make[1]: Leaving directory '/home/student/Documents/arch1-lcd-toy-vic12141983/p2swLib'
(cd p2sw-demo; make)
make[1]: Entering directory '/home/student/Documents/arch1-lcd-toy-vic12141983/p2sw-demo'
make[1]: Nothing to be done for 'all'.
make[1]: Leaving directory '/home/student/Documents/arch1-lcd-toy-vic12141983/p2sw-demo'
(cd shape-motion-demo; make)
make[1]: Entering directory '/home/student/Documents/arch1-lcd-toy-vic12141983/shape-motion-demo'
make[1]: Nothing to be done for 'all'.
make[1]: Leaving directory '/home/student/Documents/arch1-lcd-toy-vic12141983/shape-motion-demo'
student@systems-vm:~/Documents/arch1-lcd-toy-vic12141983> s
If 's' is not a typo you can use command-not-found to lookup the package that contains it, like this:
    cnf s
student@systems-vm:~/Documents/arch1-lcd-toy-vic12141983>ls
circleLib  h       lib       p2sw-demo  Project    shapeLib           timerLib
Doxyfile   lcdLib  Makefile  p2swLib    README.md  shape-motion-demo  wakedemo
student@systems-vm:~/Documents/arch1-lcd-toy-vic12141983> cd wakedemo
student@systems-vm:~/Documents/arch1-lcd-toy-vic12141983/wakedemo> ls
Makefile  wake.c  wdt_handler.s
student@systems-vm:~/Documents/arch1-lcd-toy-vic12141983/wakedemo> make load
msp430-elf-gcc -mmcu=msp430g2553 -Os -I../h   -c -o wake.o wake.c
wake.c:60:7: error: redefinition of 'redrawScreen'
 short redrawScreen = 1;
       ^~~~~~~~~~~~
wake.c:9:7: note: previous definition of 'redrawScreen' was here
 short redrawScreen = 1;
       ^~~~~~~~~~~~
wake.c:61:7: error: redefinition of 'fontFgColor'
 u_int fontFgColor = COLOR_GREEN;
       ^~~~~~~~~~~
wake.c:10:7: note: previous definition of 'fontFgColor' was here
 u_int fontFgColor = COLOR_GREEN;
       ^~~~~~~~~~~
wake.c:66:6: error: redefinition of 'wdt_c_handler'
 void wdt_c_handler()
      ^~~~~~~~~~~~~
wake.c:12:6: note: previous definition of 'wdt_c_handler' was here
 void wdt_c_handler()
      ^~~~~~~~~~~~~
wake.c:89:6: error: redefinition of 'main'
 void main()
      ^~~~
wake.c:25:6: note: previous definition of 'main' was here
 void main()
      ^~~~
make: *** [<builtin>: wake.o] Error 1
student@systems-vm:~/Documents/arch1-lcd-toy-vic12141983/wakedemo> make load
msp430-elf-gcc -mmcu=msp430g2553 -Os -I../h   -c -o wake.o wake.c
msp430-elf-gcc -mmcu=msp430g2553 -c   -o wdt_handler.o wdt_handler.s
msp430-elf-gcc -mmcu=msp430g2553 -Os -I../h -L../lib -L/opt/ti/msp430_gcc/include/  -o wake.elf wake.o wdt_handler.o -lTimer -lLcd 
msp430loader.sh wake.elf
check 
Detected msp430 dev kit
/opt/ti/uniflash/dslite.sh --config /opt/ti/uniflash/MSP430G2553.ccxml -f  wake.elf
Executing the following command:
> /opt/ti/uniflash_5.1.0/deskdb/content/TICloudAgent/linux/ccs_base/DebugServer/bin/DSLite flash --config /opt/ti/uniflash/MSP430G2553.ccxml -f wake.elf

For more details and examples, please refer to the UniFlash Quick Start guide.

info: MSP430:  Flash/FRAM usage is 1930 bytes. RAM usage is 0 bytes.
student@systems-vm:~/Documents/arch1-lcd-toy-vic12141983/wakedemo> make load
msp430-elf-gcc -mmcu=msp430g2553 -Os -I../h   -c -o wake.o wake.c
wake.c: In function 'main':
wake.c:53:7: warning: implicit declaration of function 'drawString8x12'; did you mean 'drawString5x7'? [-Wimplicit-function-declaration]
       drawString8x12(helloCol,20, "hello", COLOR_BLUE, COLOR_BLUE);
       ^~~~~~~~~~~~~~
       drawString5x7
msp430-elf-gcc -mmcu=msp430g2553 -Os -I../h -L../lib -L/opt/ti/msp430_gcc/include/  -o wake.elf wake.o wdt_handler.o -lTimer -lLcd 
wake.o: In function `main':
wake.c:(.text+0xae): undefined reference to `drawString8x12'
collect2: error: ld returned 1 exit status
make: *** [Makefile:14: wake.elf] Error 1
student@systems-vm:~/Documents/arch1-lcd-toy-vic12141983/wakedemo> make load
make: *** No rule to make target 'lcddraw.h', needed by 'lcddraw.o'.  Stop.
student@systems-vm:~/Documents/arch1-lcd-toy-vic12141983/wakedemo> 